\BOOKMARK [1][-]{section.1}{\376\377\000I\000n\000t\000r\000o\000d\000u\000c\000t\000i\000o\000n}{}% 1
\BOOKMARK [1][-]{section.2}{\376\377\000R\000e\000l\000a\000t\000e\000d\000\040\000W\000o\000r\000k}{}% 2
\BOOKMARK [2][-]{subsection.2.1}{\376\377\000A\000p\000p\000r\000o\000x\000i\000m\000a\000t\000e\000\040\000N\000e\000a\000r\000e\000s\000t\000\040\000N\000e\000i\000g\000h\000b\000o\000r\000\040\000S\000e\000a\000r\000c\000h}{section.2}% 3
\BOOKMARK [2][-]{subsection.2.2}{\376\377\000D\000e\000t\000e\000r\000m\000i\000n\000i\000s\000t\000i\000c\000\040\000C\000o\000m\000p\000u\000t\000a\000t\000i\000o\000n\000\040\000a\000n\000d\000\040\000B\000l\000o\000c\000k\000c\000h\000a\000i\000n}{section.2}% 4
\BOOKMARK [2][-]{subsection.2.3}{\376\377\000V\000e\000c\000t\000o\000r\000\040\000S\000e\000a\000r\000c\000h\000\040\000o\000n\000\040\000B\000l\000o\000c\000k\000c\000h\000a\000i\000n}{section.2}% 5
\BOOKMARK [1][-]{section.3}{\376\377\000B\000a\000c\000k\000g\000r\000o\000u\000n\000d}{}% 6
\BOOKMARK [2][-]{subsection.3.1}{\376\377\000H\000N\000S\000W\000\040\000A\000l\000g\000o\000r\000i\000t\000h\000m}{section.3}% 7
\BOOKMARK [2][-]{subsection.3.2}{\376\377\000F\000l\000o\000a\000t\000i\000n\000g\000-\000P\000o\000i\000n\000t\000\040\000N\000o\000n\000d\000e\000t\000e\000r\000m\000i\000n\000i\000s\000m}{section.3}% 8
\BOOKMARK [2][-]{subsection.3.3}{\376\377\000F\000i\000x\000e\000d\000-\000P\000o\000i\000n\000t\000\040\000A\000r\000i\000t\000h\000m\000e\000t\000i\000c}{section.3}% 9
\BOOKMARK [2][-]{subsection.3.4}{\376\377\000T\000h\000r\000e\000e\000\040\000D\000e\000t\000e\000r\000m\000i\000n\000i\000s\000m\000\040\000R\000e\000q\000u\000i\000r\000e\000m\000e\000n\000t\000s}{section.3}% 10
\BOOKMARK [1][-]{section.4}{\376\377\000D\000-\000H\000N\000S\000W\000:\000\040\000F\000i\000x\000e\000d\000-\000P\000o\000i\000n\000t\000\040\000D\000i\000s\000t\000a\000n\000c\000e\000\040\000F\000r\000a\000m\000e\000w\000o\000r\000k}{}% 11
\BOOKMARK [2][-]{subsection.4.1}{\376\377\000Q\0003\0002\000.\0003\0002\000\040\000F\000i\000x\000e\000d\000-\000P\000o\000i\000n\000t\000\040\000R\000e\000p\000r\000e\000s\000e\000n\000t\000a\000t\000i\000o\000n}{section.4}% 12
\BOOKMARK [2][-]{subsection.4.2}{\376\377\000V\000e\000c\000t\000o\000r\000\040\000R\000e\000p\000r\000e\000s\000e\000n\000t\000a\000t\000i\000o\000n}{section.4}% 13
\BOOKMARK [2][-]{subsection.4.3}{\376\377\000D\000i\000s\000t\000a\000n\000c\000e\000\040\000M\000e\000t\000r\000i\000c\000s}{section.4}% 14
\BOOKMARK [2][-]{subsection.4.4}{\376\377\000E\000r\000r\000o\000r\000\040\000A\000n\000a\000l\000y\000s\000i\000s}{section.4}% 15
\BOOKMARK [2][-]{subsection.4.5}{\376\377\000D\000e\000t\000e\000r\000m\000i\000n\000i\000s\000m\000\040\000G\000u\000a\000r\000a\000n\000t\000e\000e}{section.4}% 16
\BOOKMARK [1][-]{section.5}{\376\377\000P\000e\000r\000f\000o\000r\000m\000a\000n\000c\000e\000\040\000O\000p\000t\000i\000m\000i\000z\000a\000t\000i\000o\000n\000s}{}% 17
\BOOKMARK [2][-]{subsection.5.1}{\376\377\000S\000I\000M\000D\000-\000A\000c\000c\000e\000l\000e\000r\000a\000t\000e\000d\000\040\000F\000i\000x\000e\000d\000-\000P\000o\000i\000n\000t\000\040\000O\000p\000e\000r\000a\000t\000i\000o\000n\000s}{section.5}% 18
\BOOKMARK [2][-]{subsection.5.2}{\376\377\000T\000w\000o\000-\000P\000h\000a\000s\000e\000\040\000D\000i\000s\000t\000a\000n\000c\000e\000\040\000C\000o\000m\000p\000u\000t\000a\000t\000i\000o\000n}{section.5}% 19
\BOOKMARK [2][-]{subsection.5.3}{\376\377\000A\000d\000d\000i\000t\000i\000o\000n\000a\000l\000\040\000O\000p\000t\000i\000m\000i\000z\000a\000t\000i\000o\000n\000s}{section.5}% 20
\BOOKMARK [2][-]{subsection.5.4}{\376\377\000C\000o\000m\000b\000i\000n\000e\000d\000\040\000E\000f\000f\000e\000c\000t}{section.5}% 21
\BOOKMARK [1][-]{section.6}{\376\377\000D\000e\000t\000e\000r\000m\000i\000n\000i\000s\000t\000i\000c\000\040\000G\000r\000a\000p\000h\000\040\000C\000o\000n\000s\000t\000r\000u\000c\000t\000i\000o\000n}{}% 22
\BOOKMARK [2][-]{subsection.6.1}{\376\377\000D\000e\000t\000e\000r\000m\000i\000n\000i\000s\000t\000i\000c\000\040\000L\000e\000v\000e\000l\000\040\000A\000s\000s\000i\000g\000n\000m\000e\000n\000t}{section.6}% 23
\BOOKMARK [2][-]{subsection.6.2}{\376\377\000D\000e\000t\000e\000r\000m\000i\000n\000i\000s\000t\000i\000c\000\040\000N\000e\000i\000g\000h\000b\000o\000r\000\040\000S\000e\000l\000e\000c\000t\000i\000o\000n}{section.6}% 24
\BOOKMARK [2][-]{subsection.6.3}{\376\377\000D\000e\000t\000e\000r\000m\000i\000n\000i\000s\000t\000i\000c\000\040\000S\000e\000a\000r\000c\000h\000\040\000O\000r\000d\000e\000r}{section.6}% 25
\BOOKMARK [2][-]{subsection.6.4}{\376\377\000A\000l\000g\000o\000r\000i\000t\000h\000m\000\040\000S\000u\000m\000m\000a\000r\000y}{section.6}% 26
\BOOKMARK [2][-]{subsection.6.5}{\376\377\000C\000o\000m\000p\000l\000e\000x\000i\000t\000y\000\040\000A\000n\000a\000l\000y\000s\000i\000s}{section.6}% 27
\BOOKMARK [1][-]{section.7}{\376\377\000E\000x\000p\000e\000r\000i\000m\000e\000n\000t\000a\000l\000\040\000E\000v\000a\000l\000u\000a\000t\000i\000o\000n}{}% 28
\BOOKMARK [2][-]{subsection.7.1}{\376\377\000E\000x\000p\000e\000r\000i\000m\000e\000n\000t\000a\000l\000\040\000S\000e\000t\000u\000p}{section.7}% 29
\BOOKMARK [2][-]{subsection.7.2}{\376\377\000R\000e\000c\000a\000l\000l\000-\000T\000h\000r\000o\000u\000g\000h\000p\000u\000t\000\040\000T\000r\000a\000d\000e\000o\000f\000f}{section.7}% 30
\BOOKMARK [2][-]{subsection.7.3}{\376\377\000R\000a\000w\000\040\000F\000i\000x\000e\000d\000-\000P\000o\000i\000n\000t\000\040\000O\000v\000e\000r\000h\000e\000a\000d}{section.7}% 31
\BOOKMARK [2][-]{subsection.7.4}{\376\377\000N\000u\000m\000e\000r\000i\000c\000a\000l\000\040\000A\000c\000c\000u\000r\000a\000c\000y}{section.7}% 32
\BOOKMARK [2][-]{subsection.7.5}{\376\377\000D\000e\000t\000e\000r\000m\000i\000n\000i\000s\000m\000\040\000V\000e\000r\000i\000f\000i\000c\000a\000t\000i\000o\000n}{section.7}% 33
\BOOKMARK [2][-]{subsection.7.6}{\376\377\000C\000r\000o\000s\000s\000-\000P\000l\000a\000t\000f\000o\000r\000m\000\040\000D\000e\000t\000e\000r\000m\000i\000n\000i\000s\000m\000\040\000V\000e\000r\000i\000f\000i\000c\000a\000t\000i\000o\000n}{section.7}% 34
\BOOKMARK [2][-]{subsection.7.7}{\376\377\000S\000c\000a\000l\000a\000b\000i\000l\000i\000t\000y\000\040\000A\000n\000a\000l\000y\000s\000i\000s}{section.7}% 35
\BOOKMARK [2][-]{subsection.7.8}{\376\377\000R\000e\000a\000l\000-\000W\000o\000r\000l\000d\000\040\000V\000a\000l\000i\000d\000a\000t\000i\000o\000n\000\040\000o\000n\000\040\000S\000I\000F\000T\000-\0001\000M}{section.7}% 36
\BOOKMARK [2][-]{subsection.7.9}{\376\377\000V\000a\000l\000i\000d\000a\000t\000i\000o\000n\000\040\000o\000n\000\040\000L\000L\000M\000\040\000E\000m\000b\000e\000d\000d\000i\000n\000g\000s\000\040\000\050\0001\0005\0003\0006\000-\000d\000\051}{section.7}% 37
\BOOKMARK [1][-]{section.8}{\376\377\000D\000i\000s\000c\000u\000s\000s\000i\000o\000n}{}% 38
\BOOKMARK [2][-]{subsection.8.1}{\376\377\000W\000h\000e\000n\000\040\000t\000o\000\040\000U\000s\000e\000\040\000D\000-\000H\000N\000S\000W}{section.8}% 39
\BOOKMARK [2][-]{subsection.8.2}{\376\377\000F\000i\000x\000e\000d\000-\000P\000o\000i\000n\000t\000\040\000v\000s\000.\000\040\000F\000l\000o\000a\000t\000i\000n\000g\000-\000P\000o\000i\000n\000t\000\040\000A\000c\000c\000u\000r\000a\000c\000y}{section.8}% 40
\BOOKMARK [2][-]{subsection.8.3}{\376\377\000M\000e\000m\000o\000r\000y\000\040\000O\000v\000e\000r\000h\000e\000a\000d}{section.8}% 41
\BOOKMARK [2][-]{subsection.8.4}{\376\377\000Q\000u\000a\000l\000i\000t\000a\000t\000i\000v\000e\000\040\000C\000o\000m\000p\000a\000r\000i\000s\000o\000n}{section.8}% 42
\BOOKMARK [2][-]{subsection.8.5}{\376\377\000Q\000u\000a\000n\000t\000i\000t\000a\000t\000i\000v\000e\000\040\000C\000o\000m\000p\000a\000r\000i\000s\000o\000n\000\040\000w\000i\000t\000h\000\040\000Z\000K\000-\000B\000a\000s\000e\000d\000\040\000A\000p\000p\000r\000o\000a\000c\000h\000e\000s}{section.8}% 43
\BOOKMARK [2][-]{subsection.8.6}{\376\377\000W\000e\000b\000A\000s\000s\000e\000m\000b\000l\000y\000\040\000a\000n\000d\000\040\000B\000l\000o\000c\000k\000c\000h\000a\000i\000n\000\040\000V\000M\000\040\000F\000e\000a\000s\000i\000b\000i\000l\000i\000t\000y}{section.8}% 44
\BOOKMARK [2][-]{subsection.8.7}{\376\377\000S\000e\000c\000u\000r\000i\000t\000y\000\040\000A\000n\000a\000l\000y\000s\000i\000s}{section.8}% 45
\BOOKMARK [2][-]{subsection.8.8}{\376\377\000T\000h\000r\000e\000a\000t\000s\000\040\000t\000o\000\040\000V\000a\000l\000i\000d\000i\000t\000y}{section.8}% 46
\BOOKMARK [2][-]{subsection.8.9}{\376\377\000L\000i\000m\000i\000t\000a\000t\000i\000o\000n\000s}{section.8}% 47
\BOOKMARK [1][-]{section.9}{\376\377\000C\000o\000n\000c\000l\000u\000s\000i\000o\000n}{}% 48
\BOOKMARK [1][-]{section*.1}{\376\377\000A\000p\000p\000e\000n\000d\000i\000x\000\040\000A\000:\000\040\000F\000o\000r\000m\000a\000l\000\040\000E\000r\000r\000o\000r\000\040\000B\000o\000u\000n\000d\000s\000\040\000f\000o\000r\000\040\000I\0006\0004\000F\0003\0002\000\040\000A\000r\000i\000t\000h\000m\000e\000t\000i\000c}{}% 49
\BOOKMARK [1][-]{section*.2}{\376\377\000A\000p\000p\000e\000n\000d\000i\000x\000\040\000B\000:\000\040\000V\000e\000r\000i\000f\000i\000e\000d\000\040\000C\000o\000m\000p\000o\000n\000e\000n\000t\000-\000L\000e\000v\000e\000l\000\040\000B\000e\000n\000c\000h\000m\000a\000r\000k\000s}{}% 50
\BOOKMARK [2][-]{subsection.Appendix.B.1}{\376\377\000D\000i\000s\000t\000a\000n\000c\000e\000\040\000C\000o\000m\000p\000u\000t\000a\000t\000i\000o\000n\000\040\000O\000v\000e\000r\000h\000e\000a\000d}{section*.2}% 51
\BOOKMARK [2][-]{subsection.Appendix.B.2}{\376\377\000G\000r\000a\000p\000h\000\040\000C\000o\000n\000s\000t\000r\000u\000c\000t\000i\000o\000n\000\040\000S\000c\000a\000l\000i\000n\000g}{section*.2}% 52
\BOOKMARK [2][-]{subsection.Appendix.B.3}{\376\377\000D\000e\000t\000e\000r\000m\000i\000n\000i\000s\000m\000\040\000V\000e\000r\000i\000f\000i\000c\000a\000t\000i\000o\000n}{section*.2}% 53
\BOOKMARK [1][-]{section*.4}{\376\377\000R\000e\000f\000e\000r\000e\000n\000c\000e\000s}{}% 54
\BOOKMARK [1][-]{IEEEbiography.0}{\376\377\000B\000i\000o\000g\000r\000a\000p\000h\000i\000e\000s}{}% 55
\BOOKMARK [2][-]{IEEEbiography.1}{\376\377\000H\000o\000n\000g\000-\000S\000o\000n\000\040\000N\000g\000u\000y\000e\000n}{IEEEbiography.0}% 56
